Loading VAE at epoch 24 with test loss 114.0366734375
Loading MDRNN at epoch 26 with test loss 0.9708313451093786
Loading Controller with reward -34.38457089442523
Waiting to generate environment variations. May take 1 minute for each variation...
config 0: {'default_camera': {'pos': array([-0.  ,  0.82,  0.82]), 'angle': array([ 0.        , -0.78539816,  0.        ]), 'width': 720, 'height': 720}}
 Timestep: 0 reward:  -0.21250000596046448
 Timestep: 1 reward:  -0.21250000596046448
 Timestep: 2 reward:  -0.21250000596046448
 Timestep: 3 reward:  -0.21250000596046448
 Timestep: 4 reward:  -0.21250000596046448
 Timestep: 5 reward:  -0.21250000596046448
 Timestep: 6 reward:  -0.21250000596046448
 Timestep: 7 reward:  -0.21250000596046448
 Timestep: 8 reward:  -0.21250000596046448
 Timestep: 9 reward:  -0.21250000596046448
 Timestep: 10 reward:  -0.21250000596046448
 Timestep: 11 reward:  -0.21250000596046448
 Timestep: 12 reward:  -0.21250000596046448
 Timestep: 13 reward:  -0.21250000596046448
 Timestep: 14 reward:  -0.21250000596046448
 Timestep: 15 reward:  -0.21250000596046448
 Timestep: 16 reward:  -0.21250000596046448
 Timestep: 17 reward:  -0.21250000596046448
 Timestep: 18 reward:  -0.21250000596046448
 Timestep: 19 reward:  -0.21250000596046448
 Timestep: 20 reward:  -0.21250000596046448
 Timestep: 21 reward:  -0.21250000596046448
 Timestep: 22 reward:  -0.21250000596046448
 Timestep: 23 reward:  -0.21250000596046448
 Timestep: 24 reward:  -0.21250000596046448
 Timestep: 25 reward:  -0.21250000596046448
 Timestep: 26 reward:  -0.21250000596046448
 Timestep: 27 reward:  -0.21250000596046448
 Timestep: 28 reward:  -0.21250000596046448
 Timestep: 29 reward:  -0.21250000596046448
 Timestep: 30 reward:  -0.21250000596046448
 Timestep: 31 reward:  -0.21250000596046448
 Timestep: 32 reward:  -0.21250000596046448
 Timestep: 33 reward:  -0.21250000596046448
 Timestep: 34 reward:  -0.21250000596046448
 Timestep: 35 reward:  -0.21250000596046448
 Timestep: 36 reward:  -0.21250000596046448
 Timestep: 37 reward:  -0.21250000596046448
 Timestep: 38 reward:  -0.21250000596046448
 Timestep: 39 reward:  -0.21250000596046448
 Timestep: 40 reward:  -0.21250000596046448
 Timestep: 41 reward:  -0.21250000596046448
 Timestep: 42 reward:  -0.21250000596046448
 Timestep: 43 reward:  -0.21250000596046448
 Timestep: 44 reward:  -0.21250000596046448
 Timestep: 45 reward:  -0.21250000596046448
 Timestep: 46 reward:  -0.21250000596046448
 Timestep: 47 reward:  -0.21250000596046448
 Timestep: 48 reward:  -0.21250000596046448
 Timestep: 49 reward:  -0.21250000596046448
 Timestep: 50 reward:  -0.21250000596046448
 Timestep: 51 reward:  -0.21250000596046448
 Timestep: 52 reward:  -0.21250000596046448
 Timestep: 53 reward:  -0.21250000596046448
 Timestep: 54 reward:  -0.21250000596046448
 Timestep: 55 reward:  -0.21250000596046448
 Timestep: 56 reward:  -0.21250000596046448
 Timestep: 57 reward:  -0.21250000596046448
 Timestep: 58 reward:  -0.21250000596046448
 Timestep: 59 reward:  -0.21250000596046448
 Timestep: 60 reward:  -0.21250000596046448
 Timestep: 61 reward:  -0.21250000596046448
 Timestep: 62 reward:  -0.21250000596046448
 Timestep: 63 reward:  -0.21250000596046448
 Timestep: 64 reward:  -0.21250000596046448
 Timestep: 65 reward:  -0.21250000596046448
 Timestep: 66 reward:  -0.21250000596046448
 Timestep: 67 reward:  -0.21250000596046448
 Timestep: 68 reward:  -0.21250000596046448
 Timestep: 69 reward:  -0.21250000596046448
 Timestep: 70 reward:  -0.21250000596046448
 Timestep: 71 reward:  -0.21250000596046448
 Timestep: 72 reward:  -0.21250000596046448
 Timestep: 73 reward:  -0.21250000596046448
 Timestep: 74 reward:  -0.21250000596046448
 Timestep: 75 reward:  -0.21250000596046448
 Timestep: 76 reward:  -0.21250000596046448
 Timestep: 77 reward:  -0.21250000596046448
 Timestep: 78 reward:  -0.21250000596046448
 Timestep: 79 reward:  -0.21250000596046448
 Timestep: 80 reward:  -0.21250000596046448
 Timestep: 81 reward:  -0.21250000596046448
 Timestep: 82 reward:  -0.21250000596046448
 Timestep: 83 reward:  -0.21250000596046448
 Timestep: 84 reward:  -0.21250000596046448
 Timestep: 85 reward:  -0.21250000596046448
 Timestep: 86 reward:  -0.21250000596046448
 Timestep: 87 reward:  -0.21250000596046448
 Timestep: 88 reward:  -0.21250000596046448
 Timestep: 89 reward:  -0.21250000596046448
 Timestep: 90 reward:  -0.21250000596046448
 Timestep: 91 reward:  -0.21250000596046448
 Timestep: 92 reward:  -0.21250000596046448
 Timestep: 93 reward:  -0.21250000596046448
 Timestep: 94 reward:  -0.21250000596046448
 Timestep: 95 reward:  -0.21250000596046448
 Timestep: 96 reward:  -0.21250000596046448
 Timestep: 97 reward:  -0.21250000596046448
 Timestep: 98 reward:  -0.21250000596046448
 Timestep: 99 reward:  -0.21250000596046448
Cummulative reward:  -21.250000596046448
 Timestep: 0 reward:  -0.21250000596046448
 Timestep: 1 reward:  -0.21250000596046448
 Timestep: 2 reward:  -0.21250000596046448
 Timestep: 3 reward:  -0.21250000596046448
 Timestep: 4 reward:  -0.21250000596046448
 Timestep: 5 reward:  -0.21250000596046448
 Timestep: 6 reward:  -0.21250000596046448
 Timestep: 7 reward:  -0.21250000596046448
 Timestep: 8 reward:  -0.21250000596046448
 Timestep: 9 reward:  -0.21250000596046448
 Timestep: 10 reward:  -0.21250000596046448
 Timestep: 11 reward:  -0.21250000596046448
 Timestep: 12 reward:  -0.21250000596046448
 Timestep: 13 reward:  -0.21250000596046448
 Timestep: 14 reward:  -0.21250000596046448
 Timestep: 15 reward:  -0.21250000596046448
 Timestep: 16 reward:  -0.21250000596046448
 Timestep: 17 reward:  -0.21250000596046448
 Timestep: 18 reward:  -0.21250000596046448
 Timestep: 19 reward:  -0.21250000596046448
 Timestep: 20 reward:  -0.21250000596046448
 Timestep: 21 reward:  -0.21250000596046448
 Timestep: 22 reward:  -0.21250000596046448
 Timestep: 23 reward:  -0.21250000596046448
 Timestep: 24 reward:  -0.21250000596046448
 Timestep: 25 reward:  -0.21250000596046448
 Timestep: 26 reward:  -0.21250000596046448
 Timestep: 27 reward:  -0.21250000596046448
 Timestep: 28 reward:  -0.21250000596046448
 Timestep: 29 reward:  -0.21250000596046448
 Timestep: 30 reward:  -0.21250000596046448
 Timestep: 31 reward:  -0.21250000596046448
 Timestep: 32 reward:  -0.21250000596046448
 Timestep: 33 reward:  -0.21250000596046448
 Timestep: 34 reward:  -0.21250000596046448
 Timestep: 35 reward:  -0.21250000596046448
 Timestep: 36 reward:  -0.21250000596046448
 Timestep: 37 reward:  -0.21250000596046448
 Timestep: 38 reward:  -0.21250000596046448
 Timestep: 39 reward:  -0.21250000596046448
 Timestep: 40 reward:  -0.21250000596046448
 Timestep: 41 reward:  -0.21250000596046448
 Timestep: 42 reward:  -0.21250000596046448
 Timestep: 43 reward:  -0.21250000596046448
 Timestep: 44 reward:  -0.21250000596046448
 Timestep: 45 reward:  -0.21250000596046448
 Timestep: 46 reward:  -0.21250000596046448
 Timestep: 47 reward:  -0.21250000596046448
 Timestep: 48 reward:  -0.21250000596046448
 Timestep: 49 reward:  -0.21250000596046448
 Timestep: 50 reward:  -0.21250000596046448
 Timestep: 51 reward:  -0.21250000596046448
 Timestep: 52 reward:  -0.21250000596046448
 Timestep: 53 reward:  -0.21250000596046448
 Timestep: 54 reward:  -0.21250000596046448
 Timestep: 55 reward:  -0.21250000596046448
 Timestep: 56 reward:  -0.21250000596046448
 Timestep: 57 reward:  -0.21250000596046448
 Timestep: 58 reward:  -0.21250000596046448
 Timestep: 59 reward:  -0.21250000596046448
 Timestep: 60 reward:  -0.21250000596046448
 Timestep: 61 reward:  -0.21250000596046448
 Timestep: 62 reward:  -0.21250000596046448
 Timestep: 63 reward:  -0.21250000596046448
 Timestep: 64 reward:  -0.21250000596046448
 Timestep: 65 reward:  -0.21250000596046448
 Timestep: 66 reward:  -0.21250000596046448
 Timestep: 67 reward:  -0.21250000596046448
 Timestep: 68 reward:  -0.21250000596046448
 Timestep: 69 reward:  -0.21250000596046448
 Timestep: 70 reward:  -0.21250000596046448
 Timestep: 71 reward:  -0.21250000596046448
 Timestep: 72 reward:  -0.21250000596046448
 Timestep: 73 reward:  -0.21250000596046448
 Timestep: 74 reward:  -0.21250000596046448
 Timestep: 75 reward:  -0.21250000596046448
 Timestep: 76 reward:  -0.21250000596046448
 Timestep: 77 reward:  -0.21250000596046448
 Timestep: 78 reward:  -0.21250000596046448
 Timestep: 79 reward:  -0.21250000596046448
 Timestep: 80 reward:  -0.21250000596046448
 Timestep: 81 reward:  -0.21250000596046448
 Timestep: 82 reward:  -0.21250000596046448
 Timestep: 83 reward:  -0.21250000596046448
 Timestep: 84 reward:  -0.21250000596046448
 Timestep: 85 reward:  -0.21250000596046448
 Timestep: 86 reward:  -0.21250000596046448
 Timestep: 87 reward:  -0.21250000596046448
 Timestep: 88 reward:  -0.21250000596046448
 Timestep: 89 reward:  -0.21250000596046448
 Timestep: 90 reward:  -0.21250000596046448
 Timestep: 91 reward:  -0.21250000596046448
 Timestep: 92 reward:  -0.21250000596046448
 Timestep: 93 reward:  -0.21250000596046448
 Timestep: 94 reward:  -0.21250000596046448
 Timestep: 95 reward:  -0.21250000596046448
 Timestep: 96 reward:  -0.21250000596046448
 Timestep: 97 reward:  -0.21250000596046448
 Timestep: 98 reward:  -0.21250000596046448
 Timestep: 99 reward:  -0.21250000596046448
Cummulative reward:  -21.250000596046448
 Timestep: 0 reward:  -0.21250000596046448
 Timestep: 1 reward:  -0.21250000596046448
 Timestep: 2 reward:  -0.21250000596046448
 Timestep: 3 reward:  -0.21250000596046448
 Timestep: 4 reward:  -0.21250000596046448
 Timestep: 5 reward:  -0.21250000596046448
 Timestep: 6 reward:  -0.21250000596046448
 Timestep: 7 reward:  -0.21250000596046448
 Timestep: 8 reward:  -0.21250000596046448
 Timestep: 9 reward:  -0.21250000596046448
 Timestep: 10 reward:  -0.21250000596046448
 Timestep: 11 reward:  -0.21250000596046448
 Timestep: 12 reward:  -0.21250000596046448
 Timestep: 13 reward:  -0.21250000596046448
 Timestep: 14 reward:  -0.21250000596046448
 Timestep: 15 reward:  -0.21250000596046448
 Timestep: 16 reward:  -0.21250000596046448
 Timestep: 17 reward:  -0.21250000596046448
 Timestep: 18 reward:  -0.21250000596046448
 Timestep: 19 reward:  -0.21250000596046448
