Process Process-3:
Traceback (most recent call last):
  File "/home/tuluhan/mambaforge/envs/softgym/lib/python3.6/multiprocessing/process.py", line 258, in _bootstrap
    self.run()
  File "/home/tuluhan/mambaforge/envs/softgym/lib/python3.6/multiprocessing/process.py", line 93, in run
    self._target(*self._args, **self._kwargs)
  File "traincontroller.py", line 102, in slave_routine
    r_queue.put((s_id, r_gen.rollout(params)))
  File "/home/tuluhan/softagent/softgym/utils/misc.py", line 216, in rollout
    obs, reward, done, _ = self.env.step(action)
  File "/home/tuluhan/softagent/softgym/softgym/utils/normalized_env.py", line 82, in step
    wrapped_step = self._wrapped_env.step(scaled_action, **kwargs)
  File "/home/tuluhan/softagent/softgym/softgym/envs/flex_env.py", line 181, in step
    self._step(action)
  File "/home/tuluhan/softagent/softgym/softgym/envs/cloth_fold.py", line 127, in _step
    self.action_tool.step(action)
  File "/home/tuluhan/softagent/softgym/softgym/action_space/action_space.py", line 126, in step
    picker_pos, particle_pos = self._get_pos()
  File "/home/tuluhan/softagent/softgym/softgym/action_space/action_space.py", line 97, in _get_pos
    picker_pos = np.array(pyflex.get_shape_states()).reshape(-1, 14)
KeyboardInterrupt
